[16:11:16] [ServerMain/INFO]: Environment: Environment[sessionHost=https://sessionserver.mojang.com, servicesHost=https://api.minecraftservices.com, name=PROD]
[16:11:17] [ServerMain/INFO]: No existing world data, creating new world
[16:11:18] [ServerMain/INFO]: Loaded 1407 recipes
[16:11:18] [ServerMain/INFO]: Loaded 1520 advancements
[16:11:18] [Server thread/INFO]: Starting minecraft server version 1.21.8
[16:11:18] [Server thread/INFO]: Loading properties
[16:11:18] [Server thread/INFO]: Default game type: SURVIVAL
[16:11:18] [Server thread/INFO]: Generating keypair
[16:11:18] [Server thread/INFO]: Starting Minecraft server on *:25565
[16:11:19] [Server thread/INFO]: Using epoll channel type
[16:11:19] [Server thread/WARN]: **** SERVER IS RUNNING IN OFFLINE/INSECURE MODE!
[16:11:19] [Server thread/WARN]: The server will make no attempt to authenticate usernames. Beware.
[16:11:19] [Server thread/WARN]: While this makes the game possible to play without internet access, it also opens up the ability for hackers to connect with any username they choose.
[16:11:19] [Server thread/WARN]: To change this, set "online-mode" to "true" in the server.properties file.
[16:11:19] [Server thread/INFO]: Preparing level "world"
[16:11:25] [Server thread/INFO]: Preparing start region for dimension minecraft:overworld
[16:11:25] [Worker-Main-2/INFO]: Preparing spawn area: 2%
[16:11:25] [Worker-Main-2/INFO]: Preparing spawn area: 2%
[16:11:26] [Worker-Main-2/INFO]: Preparing spawn area: 2%
[16:11:26] [Worker-Main-2/INFO]: Preparing spawn area: 2%
[16:11:27] [Worker-Main-3/INFO]: Preparing spawn area: 18%
[16:11:27] [Worker-Main-2/INFO]: Preparing spawn area: 18%
[16:11:28] [Worker-Main-2/INFO]: Preparing spawn area: 18%
[16:11:28] [Worker-Main-1/INFO]: Preparing spawn area: 51%
[16:11:29] [Worker-Main-2/INFO]: Preparing spawn area: 51%
[16:11:29] [Worker-Main-1/INFO]: Preparing spawn area: 51%
[16:11:29] [Server thread/INFO]: Time elapsed: 4726 ms
[16:11:29] [Server thread/INFO]: Done (10.872s)! For help, type "help"
[16:12:29] [Server thread/INFO]: Server empty for 60 seconds, pausing
[16:14:21] [Server thread/INFO]: Unknown or incomplete command, see below for error
[16:14:21] [Server thread/INFO]: <--[HERE]
[16:16:01] [Server thread/INFO]: CarlosMafifa[/127.150.209.216:49901] logged in with entity id 15 at (-8.5, 87.0, -8.5)
[16:16:01] [Server thread/INFO]: CarlosMafifa joined the game
[16:16:35] [Server thread/INFO]: CarlosMafifa lost connection: Disconnected
[16:16:35] [Server thread/INFO]: CarlosMafifa left the game
[16:17:35] [Server thread/INFO]: Server empty for 60 seconds, pausing
